d:\tf-projects\5-hxgd-dzz\demo-project\hxgd-laptop\hxgd\x64\release\m_graphicsview.obj
d:\tf-projects\5-hxgd-dzz\demo-project\hxgd-laptop\hxgd\x64\release\hxgd_user.obj
d:\tf-projects\5-hxgd-dzz\demo-project\hxgd-laptop\hxgd\x64\release\hxgd_recipe.obj
d:\tf-projects\5-hxgd-dzz\demo-project\hxgd-laptop\hxgd\x64\release\m_thread.obj
d:\tf-projects\5-hxgd-dzz\demo-project\hxgd-laptop\hxgd\x64\release\toolfunction.obj
d:\tf-projects\5-hxgd-dzz\demo-project\hxgd-laptop\hxgd\x64\release\params.obj
d:\tf-projects\5-hxgd-dzz\demo-project\hxgd-laptop\hxgd\x64\release\main.obj
d:\tf-projects\5-hxgd-dzz\demo-project\hxgd-laptop\hxgd\x64\release\imagewidget.obj
d:\tf-projects\5-hxgd-dzz\demo-project\hxgd-laptop\hxgd\x64\release\hxgd_layout.obj
d:\tf-projects\5-hxgd-dzz\demo-project\hxgd-laptop\hxgd\x64\release\m_tcp.obj
d:\tf-projects\5-hxgd-dzz\demo-project\hxgd-laptop\hxgd\x64\release\hxgd_cam.obj
d:\tf-projects\5-hxgd-dzz\demo-project\hxgd-laptop\hxgd\x64\release\m_csv.obj
d:\tf-projects\5-hxgd-dzz\demo-project\hxgd-laptop\hxgd\x64\release\hxgd.obj
d:\tf-projects\5-hxgd-dzz\demo-project\hxgd-laptop\hxgd\x64\release\m_euresysboard.obj
d:\tf-projects\5-hxgd-dzz\demo-project\hxgd-laptop\hxgd\x64\release\vc142.pdb
d:\tf-projects\5-hxgd-dzz\demo-project\hxgd-laptop\hxgd\x64\release\qrc_hxgd.obj
d:\tf-projects\5-hxgd-dzz\demo-project\hxgd-laptop\hxgd\x64\release\moc_m_thread.obj
d:\tf-projects\5-hxgd-dzz\demo-project\hxgd-laptop\hxgd\x64\release\moc_imagewidget.obj
d:\tf-projects\5-hxgd-dzz\demo-project\hxgd-laptop\hxgd\x64\release\moc_m_graphicsview.obj
d:\tf-projects\5-hxgd-dzz\demo-project\hxgd-laptop\hxgd\x64\release\moc_login.obj
d:\tf-projects\5-hxgd-dzz\demo-project\hxgd-laptop\hxgd\x64\release\moc_m_csv.obj
d:\tf-projects\5-hxgd-dzz\demo-project\hxgd-laptop\hxgd\x64\release\moc_m_tcp.obj
d:\tf-projects\5-hxgd-dzz\demo-project\hxgd-laptop\hxgd\x64\release\moc_hxgd.obj
d:\tf-projects\5-hxgd-dzz\demo-project\hxgd-laptop\hxgd\x64\release\moc_m_euresysboard.obj
d:\tf-projects\5-hxgd-dzz\demo-project\hxgd-laptop\hxgd\x64\release\moc_layoutbar.obj
d:\tf-projects\5-hxgd-dzz\demo-project\hxgd-laptop\hxgd\x64\release\moc_layoutinfo.obj
d:\tf-projects\5-hxgd-dzz\demo-project\hxgd-laptop\hxgd\x64\release\uic\ui_hxgd.h
d:\tf-projects\5-hxgd-dzz\demo-project\hxgd-laptop\hxgd\x64\release\uic\ui_login.h
d:\tf-projects\5-hxgd-dzz\demo-project\hxgd-laptop\hxgd\x64\release\rcc\qrc_hxgd.cpp
d:\tf-projects\5-hxgd-dzz\demo-project\hxgd-laptop\hxgd\x64\release\moc\moc_hxgd.cpp
d:\tf-projects\5-hxgd-dzz\demo-project\hxgd-laptop\hxgd\x64\release\moc\moc_layoutbar.cpp
d:\tf-projects\5-hxgd-dzz\demo-project\hxgd-laptop\hxgd\x64\release\moc\moc_layoutinfo.cpp
d:\tf-projects\5-hxgd-dzz\demo-project\hxgd-laptop\hxgd\x64\release\moc\moc_m_graphicsview.cpp
d:\tf-projects\5-hxgd-dzz\demo-project\hxgd-laptop\hxgd\x64\release\moc\moc_m_euresysboard.cpp
d:\tf-projects\5-hxgd-dzz\demo-project\hxgd-laptop\hxgd\x64\release\moc\moc_imagewidget.cpp
d:\tf-projects\5-hxgd-dzz\demo-project\hxgd-laptop\hxgd\x64\release\moc\moc_m_tcp.cpp
d:\tf-projects\5-hxgd-dzz\demo-project\hxgd-laptop\hxgd\x64\release\moc\moc_m_thread.cpp
d:\tf-projects\5-hxgd-dzz\demo-project\hxgd-laptop\hxgd\x64\release\moc\moc_m_csv.cpp
d:\tf-projects\5-hxgd-dzz\demo-project\hxgd-laptop\hxgd\x64\release\moc\moc_login.cpp
d:\tf-projects\5-hxgd-dzz\demo-project\hxgd-laptop\x64\release\hxgd.exe
d:\tf-projects\5-hxgd-dzz\demo-project\hxgd-laptop\x64\release\hxgd.ilk
d:\tf-projects\5-hxgd-dzz\demo-project\hxgd-laptop\x64\release\hxgd.pdb
d:\tf-projects\5-hxgd-dzz\demo-project\hxgd-laptop\hxgd\x64\release\hxgd.res
d:\tf-projects\5-hxgd-dzz\demo-project\hxgd-laptop\hxgd\x64\release\hxgd.tlog\cl.10132.write.1.tlog
d:\tf-projects\5-hxgd-dzz\demo-project\hxgd-laptop\hxgd\x64\release\hxgd.tlog\cl.command.1.tlog
d:\tf-projects\5-hxgd-dzz\demo-project\hxgd-laptop\hxgd\x64\release\hxgd.tlog\cl.read.1.tlog
d:\tf-projects\5-hxgd-dzz\demo-project\hxgd-laptop\hxgd\x64\release\hxgd.tlog\hxgd.write.1u.tlog
d:\tf-projects\5-hxgd-dzz\demo-project\hxgd-laptop\hxgd\x64\release\hxgd.tlog\link.command.1.tlog
d:\tf-projects\5-hxgd-dzz\demo-project\hxgd-laptop\hxgd\x64\release\hxgd.tlog\link.read.1.tlog
d:\tf-projects\5-hxgd-dzz\demo-project\hxgd-laptop\hxgd\x64\release\hxgd.tlog\link.write.1.tlog
d:\tf-projects\5-hxgd-dzz\demo-project\hxgd-laptop\hxgd\x64\release\hxgd.tlog\moc.read.1u.tlog
d:\tf-projects\5-hxgd-dzz\demo-project\hxgd-laptop\hxgd\x64\release\hxgd.tlog\moc.write.1u.tlog
d:\tf-projects\5-hxgd-dzz\demo-project\hxgd-laptop\hxgd\x64\release\hxgd.tlog\rc.command.1.tlog
d:\tf-projects\5-hxgd-dzz\demo-project\hxgd-laptop\hxgd\x64\release\hxgd.tlog\rc.read.1.tlog
d:\tf-projects\5-hxgd-dzz\demo-project\hxgd-laptop\hxgd\x64\release\hxgd.tlog\rc.write.1.tlog
d:\tf-projects\5-hxgd-dzz\demo-project\hxgd-laptop\hxgd\x64\release\hxgd.tlog\rcc.read.1u.tlog
d:\tf-projects\5-hxgd-dzz\demo-project\hxgd-laptop\hxgd\x64\release\hxgd.tlog\rcc.write.1u.tlog
d:\tf-projects\5-hxgd-dzz\demo-project\hxgd-laptop\hxgd\x64\release\hxgd.tlog\uic.read.1u.tlog
d:\tf-projects\5-hxgd-dzz\demo-project\hxgd-laptop\hxgd\x64\release\hxgd.tlog\uic.write.1u.tlog
